<?xml version="1.0" encoding="UTF-8"?>
<!-- Generated by org.testng.reporters.JUnitReportReporter -->
<testsuite hostname="DESKTOP-DJ4FDME" failures="0" tests="1" name="org.wipro.auto.uo.testcases.LoginTestScenarios" time="5.937" errors="0" timestamp="2024-10-27T07:50:03 IST" skipped="0">
  <testcase classname="org.wipro.auto.uo.testcases.LoginTestScenarios" name="tc01_validcredloginvalidation" time="5.937"/>
</testsuite> <!-- org.wipro.auto.uo.testcases.LoginTestScenarios -->
