<?xml version="1.0" encoding="UTF-8"?>
<!-- Generated by org.testng.reporters.JUnitReportReporter -->
<testsuite hostname="DESKTOP-DJ4FDME" failures="0" tests="1" name="org.xyz.automation.projectname.DropDownCalendar" time="12.928" errors="0" timestamp="2024-10-24T07:15:08 IST" skipped="0">
  <testcase classname="org.xyz.automation.projectname.DropDownCalendar" name="dropdownDemo" time="12.928"/>
</testsuite> <!-- org.xyz.automation.projectname.DropDownCalendar -->
