<?xml version="1.0" encoding="UTF-8"?>
<!-- Generated by org.testng.reporters.JUnitReportReporter -->
<testsuite hostname="DESKTOP-DJ4FDME" failures="0" tests="1" name="org.xyz.automation.projectname.BrowserControl" time="28.851" errors="0" timestamp="2024-10-18T07:03:32 IST" skipped="0">
  <testcase classname="org.xyz.automation.projectname.BrowserControl" name="differentcontrol" time="28.851"/>
</testsuite> <!-- org.xyz.automation.projectname.BrowserControl -->
