<?xml version="1.0" encoding="UTF-8"?>
<!-- Generated by org.testng.reporters.JUnitReportReporter -->
<testsuite hostname="DESKTOP-DJ4FDME" failures="0" tests="1" name="org.wipro.auto.uo.testcases.USF_TestScenario" time="23.892" errors="0" timestamp="2024-10-30T07:22:14 IST" skipped="0">
  <testcase classname="org.wipro.auto.uo.testcases.USF_TestScenario" name="validate_usf_testcase1" time="23.892"/>
</testsuite> <!-- org.wipro.auto.uo.testcases.USF_TestScenario -->
