<?xml version="1.0" encoding="UTF-8"?>
<!-- Generated by org.testng.reporters.JUnitReportReporter -->
<testsuite hostname="DESKTOP-DJ4FDME" failures="0" tests="6" name="demoTestNG.TestScenario11" time="0.031" errors="0" timestamp="2024-10-12T06:48:16 IST" skipped="0">
  <testcase classname="demoTestNG.TestScenario11" name="second_testcase" time="0.002"/>
  <testcase classname="demoTestNG.TestScenario11" name="third_testcase" time="0.004"/>
  <testcase classname="demoTestNG.TestScenario11" name="forth_testcase" time="0.003"/>
  <testcase classname="demoTestNG.TestScenario11" name="sixth_testcase" time="0.004"/>
  <testcase classname="demoTestNG.TestScenario11" name="first_testcase" time="0.002"/>
  <testcase classname="demoTestNG.TestScenario11" name="fifth_testcase" time="0.016"/>
</testsuite> <!-- demoTestNG.TestScenario11 -->
