<?xml version="1.0" encoding="UTF-8"?>
<!-- Generated by org.testng.reporters.JUnitReportReporter -->
<testsuite hostname="DESKTOP-DJ4FDME" failures="0" tests="1" name="demoTestNG.TestScenario2" time="0.003" errors="0" timestamp="2024-10-12T06:48:54 IST" skipped="0">
  <testcase classname="demoTestNG.TestScenario2" name="second_testcase" time="0.003"/>
</testsuite> <!-- demoTestNG.TestScenario2 -->
