<?xml version="1.0" encoding="UTF-8"?>
<!-- Generated by org.testng.reporters.JUnitReportReporter -->
<testsuite hostname="DESKTOP-DJ4FDME" failures="0" tests="4" name="org.xyz.automation.projectname.HandleKeyMouseEtc" time="32.281" errors="0" timestamp="2024-10-26T07:41:41 IST" skipped="2">
  <testcase classname="org.xyz.automation.projectname.HandleKeyMouseEtc" name="handleFrames" time="27.948"/>
  <testcase classname="org.xyz.automation.projectname.HandleKeyMouseEtc" name="handleAlerts" time="4.333"/>
  <testcase classname="org.xyz.automation.projectname.HandleKeyMouseEtc" name="handleKeyboard">
    <skipped/>
  </testcase> <!-- handleKeyboard -->
  <testcase classname="org.xyz.automation.projectname.HandleKeyMouseEtc" name="handlemouse">
    <skipped/>
  </testcase> <!-- handlemouse -->
</testsuite> <!-- org.xyz.automation.projectname.HandleKeyMouseEtc -->
