<?xml version="1.0" encoding="UTF-8"?>
<!-- Generated by org.testng.reporters.JUnitReportReporter -->
<testsuite hostname="DESKTOP-DJ4FDME" failures="0" tests="3" name="org.wipro.auto.uo.testcases.LoginTestScenarios_DDF" time="32.724" errors="0" timestamp="2024-10-30T06:55:00 IST" skipped="0">
  <testcase classname="org.wipro.auto.uo.testcases.LoginTestScenarios_DDF" name="tc01_validcredloginvalidation" time="26.596"/>
  <testcase classname="org.wipro.auto.uo.testcases.LoginTestScenarios_DDF" name="tc01_validcredloginvalidation" time="3.024"/>
  <testcase classname="org.wipro.auto.uo.testcases.LoginTestScenarios_DDF" name="tc01_validcredloginvalidation" time="3.104"/>
</testsuite> <!-- org.wipro.auto.uo.testcases.LoginTestScenarios_DDF -->
