<?xml version="1.0" encoding="UTF-8"?>
<!-- Generated by org.testng.reporters.JUnitReportReporter -->
<testsuite hostname="DESKTOP-DJ4FDME" failures="0" tests="5" name="demoTestNG.TestScenario4" time="0.008" errors="0" timestamp="2024-10-12T06:48:16 IST" skipped="0">
  <testcase classname="demoTestNG.TestScenario4" name="third_testcase" time="0.000"/>
  <testcase classname="demoTestNG.TestScenario4" name="forth_testcase" time="0.003"/>
  <testcase classname="demoTestNG.TestScenario4" name="first_testcase" time="0.002"/>
  <testcase classname="demoTestNG.TestScenario4" name="sixth_testcase" time="0.001"/>
  <testcase classname="demoTestNG.TestScenario4" name="fifth_testcase" time="0.002"/>
</testsuite> <!-- demoTestNG.TestScenario4 -->
