<?xml version="1.0" encoding="UTF-8"?>
<!-- Generated by org.testng.reporters.JUnitReportReporter -->
<testsuite hostname="DESKTOP-DJ4FDME" failures="0" tests="2" name="org.xyz.automation.projectname.FirstAutomation" time="9.932" errors="0" timestamp="2024-10-18T07:16:44 IST" skipped="1">
  <testcase classname="org.xyz.automation.projectname.FirstAutomation" name="validate_signupfunctionality" time="9.932"/>
  <testcase classname="org.xyz.automation.projectname.FirstAutomation" name="validate_loginfunctionality">
    <skipped/>
  </testcase> <!-- validate_loginfunctionality -->
</testsuite> <!-- org.xyz.automation.projectname.FirstAutomation -->
