<?xml version="1.0" encoding="UTF-8"?>
<!-- Generated by org.testng.reporters.JUnitReportReporter -->
<testsuite hostname="DESKTOP-DJ4FDME" failures="0" tests="1" name="org.wipro.auto.uo.testcases.SignupTestScenarios" time="7.169" errors="0" timestamp="2024-10-27T08:05:34 IST" skipped="0">
  <testcase classname="org.wipro.auto.uo.testcases.SignupTestScenarios" name="tc02_validsignvalidation" time="7.169"/>
</testsuite> <!-- org.wipro.auto.uo.testcases.SignupTestScenarios -->
